[2025-08-25T12:58:22.8071916Z] RID=20250825T125822.7995761Z-fb248789a3b84871ac2fdcb3d73e85dc RUN_BEGIN reason=manual preHEAD=a1d1883a5dcb58161079ec0391f01160e7bf5b69 host=DESKTOP-UQ7MKQ0 user=ander
[2025-08-25T12:58:23.5273581Z] RID=20250825T125822.7995761Z-fb248789a3b84871ac2fdcb3d73e85dc GIT_SYNC_COMMIT_SKIP (nothing staged)
[2025-08-25T12:58:26.7007011Z] RID=20250825T125822.7995761Z-fb248789a3b84871ac2fdcb3d73e85dc GIT_SYNC_PUSH_OK
[2025-08-25T12:58:26.7159241Z] RID=20250825T125822.7995761Z-fb248789a3b84871ac2fdcb3d73e85dc GIT_VERIFY_PATH_EXISTS=True len=9862 path=C:\Users\ander\My project\tools\ops\verify-remote.ps1
[2025-08-25T12:58:26.7303146Z] RID=20250825T125822.7995761Z-fb248789a3b84871ac2fdcb3d73e85dc GIT_VERIFY_PWSH=C:\Program Files\PowerShell\7\pwsh.exe
[2025-08-25T12:58:26.7507329Z] RID=20250825T125822.7995761Z-fb248789a3b84871ac2fdcb3d73e85dc GIT_VERIFY_ARGV=-NoProfile -ExecutionPolicy Bypass -File "C:\Users\ander\My project\tools\ops\verify-remote.ps1" -RepoRoot "C:\Users\ander\My project" -LiveDir "C:\Users\ander\My project\ops\live" -Owner andorfiayahoo-del -Repo htdesyeysdrdff -Branch main -RemoteName origin -OldRemoteSha a1d1883a5dcb58161079ec0391f01160e7bf5b69
[2025-08-25T12:58:26.7599241Z] RID=20250825T125822.7995761Z-fb248789a3b84871ac2fdcb3d73e85dc GIT_VERIFY_RUN
[2025-08-25T12:58:27.0700250Z] RID=20250825T125822.7995761Z-fb248789a3b84871ac2fdcb3d73e85dc RUN_BEGIN reason=verify-remote repo=andorfiayahoo-del/htdesyeysdrdff branch=main
[2025-08-25T12:58:27.0892640Z] RID=20250825T125822.7995761Z-fb248789a3b84871ac2fdcb3d73e85dc VERIFY_ENV git=C:/Program Files/Git/mingw64/libexec/git-core\git.exe
[2025-08-25T12:58:27.1454157Z] RID=20250825T125822.7995761Z-fb248789a3b84871ac2fdcb3d73e85dc VERIFY_GIT_OK tag=rev-parse-is-inside out=true
[2025-08-25T12:58:27.1561744Z] RID=20250825T125822.7995761Z-fb248789a3b84871ac2fdcb3d73e85dc VERIFY_ENV_WORKTREE_OK
[2025-08-25T12:58:27.1813523Z] RID=20250825T125822.7995761Z-fb248789a3b84871ac2fdcb3d73e85dc VERIFY_GIT_OK tag=rev-parse-HEAD out=a1d1883a5dcb58161079ec0391f01160e7bf5b69
[2025-08-25T12:58:27.6199378Z] RID=20250825T125822.7995761Z-fb248789a3b84871ac2fdcb3d73e85dc VERIFY_GIT_OK tag=ls-remote out=a1d1883a5dcb58161079ec0391f01160e7bf5b69	refs/heads/main
[2025-08-25T12:58:27.6363723Z] RID=20250825T125822.7995761Z-fb248789a3b84871ac2fdcb3d73e85dc VERIFY_BEGIN local=a1d1883a5dcb58161079ec0391f01160e7bf5b69 remote=a1d1883a5dcb58161079ec0391f01160e7bf5b69 branch=main repo=andorfiayahoo-del/htdesyeysdrdff
[2025-08-25T12:58:27.7189174Z] RID=20250825T125822.7995761Z-fb248789a3b84871ac2fdcb3d73e85dc VERIFY_GIT_OK_Z tag=diff-name-status-range tok_count=0
[2025-08-25T12:58:27.7620921Z] RID=20250825T125822.7995761Z-fb248789a3b84871ac2fdcb3d73e85dc VERIFY_GIT_OK_Z tag=diff-tree-name-status-range tok_count=0
[2025-08-25T12:58:27.7735741Z] RID=20250825T125822.7995761Z-fb248789a3b84871ac2fdcb3d73e85dc VERIFY_CHANGED_COUNT=0
[2025-08-25T12:58:27.7827643Z] RID=20250825T125822.7995761Z-fb248789a3b84871ac2fdcb3d73e85dc VERIFY_NO_CHANGED_FILES local=a1d1883a5dcb58161079ec0391f01160e7bf5b69
[2025-08-25T12:58:27.7904750Z] RID=20250825T125822.7995761Z-fb248789a3b84871ac2fdcb3d73e85dc RUN_END status=OK (no changed files)
[2025-08-25T12:58:27.8677602Z] RID=20250825T125822.7995761Z-fb248789a3b84871ac2fdcb3d73e85dc GIT_VERIFY_EXIT=0
[2025-08-25T12:58:27.8774963Z] RID=20250825T125822.7995761Z-fb248789a3b84871ac2fdcb3d73e85dc GIT_VERIFY_OK
[2025-08-25T12:58:27.9697217Z] RID=20250825T125822.7995761Z-fb248789a3b84871ac2fdcb3d73e85dc RUN_END status=OK postHEAD=a1d1883a5dcb58161079ec0391f01160e7bf5b69 LOGRID=20250825T125827.9852970Z-1f825e90a6cd4b5290d0b6b275ba5b6b