[2025-08-21T09:41:45Z] BOOT who=DESKTOP-UQ7MKQ0\ander pid=63544 pwsh=5.1.19041.6216 cwd=C:\Users\ander
[2025-08-21T09:41:46Z] SCRIPT version=v1.7.12 path=C:\Users\ander\inbox-router.ps1
[2025-08-21T09:41:46Z] WATCH polling: C:\Users\ander\Downloads (*.patch) debounce=1500 settle=1200 poll=500
[2025-08-21T09:41:47Z] READY detected: 'C:\Users\ander\Downloads\patch_52519.patch' size=179 lastWriteUtc=2025-08-21T09:37:09.2944397Z
[2025-08-21T09:41:47Z] APPLY start: patch_52519.patch
[2025-08-21T09:41:48Z] GIT [main e867ce9] inbox: apply patch_52519.patch
[2025-08-21T09:41:48Z] GIT  1 file changed, 2 insertions(+)
[2025-08-21T09:41:48Z] GIT  create mode 100644 docs/E2E_PUSH_52519.txt
[2025-08-21T09:41:49Z] GIT note: From https://github.com/andorfiayahoo-del/htdesyeysdrdff
[2025-08-21T09:41:49Z] APPLY pull-warning: patch_52519.patch
[2025-08-21T09:41:49Z] UNITY skip: no .cs changes in this patch
[2025-08-21T09:41:53Z] GIT branch 'main' set up to track 'origin/main'.
[2025-08-21T09:41:53Z] GIT note: To https://github.com/andorfiayahoo-del/htdesyeysdrdff.git
[2025-08-21T09:41:53Z] APPLY push-warning: patch_52519.patch
[2025-08-21T09:41:53Z] APPLY success: patch_52519.patch
[2025-08-21T09:41:53Z] ARCHIVE note: external archiver will move patch_52519.patch
[2025-08-21T09:41:54Z] READY detected: 'C:\Users\ander\Downloads\patch_79365.patch' size=179 lastWriteUtc=2025-08-21T09:24:41.3363396Z
[2025-08-21T09:41:54Z] APPLY start: patch_79365.patch
[2025-08-21T09:41:55Z] GIT [main 10984a7] inbox: apply patch_79365.patch
[2025-08-21T09:41:55Z] GIT  1 file changed, 2 insertions(+)
[2025-08-21T09:41:55Z] GIT  create mode 100644 docs/E2E_PUSH_79365.txt
[2025-08-21T09:41:56Z] GIT note: From https://github.com/andorfiayahoo-del/htdesyeysdrdff
[2025-08-21T09:41:56Z] APPLY pull-warning: patch_79365.patch
[2025-08-21T09:41:56Z] UNITY skip: no .cs changes in this patch
[2025-08-21T09:42:00Z] GIT branch 'main' set up to track 'origin/main'.
[2025-08-21T09:42:00Z] GIT note: To https://github.com/andorfiayahoo-del/htdesyeysdrdff.git
[2025-08-21T09:42:00Z] APPLY push-warning: patch_79365.patch
[2025-08-21T09:42:00Z] APPLY success: patch_79365.patch
[2025-08-21T09:42:00Z] ARCHIVE note: external archiver will move patch_79365.patch
